Arguments: 
  /home/riochndr/.nvm/versions/node/v16.8.0/bin/node /home/riochndr/.nvm/versions/node/v16.8.0/bin/yarn publish

PATH: 
  /home/riochndr/.vscode-server/bin/c3511e6c69bb39013c4a4b7b9566ec1ca73fc4d5/bin/remote-cli:/home/riochndr/.local/bin:/home/riochndr/.nvm/versions/node/v16.8.0/bin:/usr/local/sbin:/usr/local/bin:/usr/sbin:/usr/bin:/sbin:/bin:/usr/games:/usr/local/games:/usr/lib/wsl/lib:/mnt/c/Program Files/WindowsApps/CanonicalGroupLimited.UbuntuonWindows_2004.2022.1.0_x64__79rhkp1fndgsc:/mnt/c/Windows/system32:/mnt/c/Windows:/mnt/c/Windows/System32/Wbem:/mnt/c/Windows/System32/WindowsPowerShell/v1.0/:/mnt/c/Windows/System32/OpenSSH/:/mnt/c/Program Files (x86)/NVIDIA Corporation/PhysX/Common:/mnt/c/Program Files/NVIDIA Corporation/NVIDIA NvDLISR:/mnt/c/Program Files/Microsoft VS Code/bin:/mnt/c/Program Files/PuTTY/:/mnt/c/Program Files/Docker/Docker/resources/bin:/mnt/c/ProgramData/DockerDesktop/version-bin:/mnt/c/Program Files/Git/cmd:/mnt/c/Program Files/dotnet/:/mnt/c/Program Files/Cloudflare/Cloudflare WARP/:/mnt/c/Users/Rioch/AppData/Local/Microsoft/WindowsApps:/snap/bin

Yarn version: 
  1.22.18

Node version: 
  16.8.0

Platform: 
  linux x64

Trace: 
  Error: https://registry.yarnpkg.com/-/user/org.couchdb.user:riochandra: ETIMEDOUT
      at Timeout._onTimeout (/home/riochndr/.nvm/versions/node/v16.8.0/lib/node_modules/yarn/lib/cli.js:141543:19)
      at listOnTimeout (node:internal/timers:557:17)
      at processTimers (node:internal/timers:500:7)

npm manifest: 
  {
    "name": "nginx-gen",
    "version": "1.0.1",
    "description": "",
    "main": "./src/nginx-sites.js",
    "type": "module",
    "bin": {
      "nginx-gen": "./src/nginx-sites.js"
    },
    "scripts": {
      "test": "echo \"Error: no test specified\" && exit 1"
    },
    "repository": {
      "type": "git",
      "url": "https://github.com/RioChndr/Nodejs-Nginx-Generator"
    },
    "author": "Rio Chandra",
    "license": "MIT",
    "dependencies": {
      "chalk": "^5.0.1",
      "commander": "^9.3.0"
    }
  }

yarn manifest: 
  No manifest

Lockfile: 
  # THIS IS AN AUTOGENERATED FILE. DO NOT EDIT THIS FILE DIRECTLY.
  # yarn lockfile v1
  
  
  chalk@^5.0.1:
    version "5.0.1"
    resolved "https://registry.yarnpkg.com/chalk/-/chalk-5.0.1.tgz#ca57d71e82bb534a296df63bbacc4a1c22b2a4b6"
    integrity sha512-Fo07WOYGqMfCWHOzSXOt2CxDbC6skS/jO9ynEcmpANMoPrD+W1r1K6Vx7iNm+AQmETU1Xr2t+n8nzkV9t6xh3w==
  
  commander@^9.3.0:
    version "9.3.0"
    resolved "https://registry.yarnpkg.com/commander/-/commander-9.3.0.tgz#f619114a5a2d2054e0d9ff1b31d5ccf89255e26b"
    integrity sha512-hv95iU5uXPbK83mjrJKuZyFM/LBAoCV/XhVGkS5Je6tl7sxr6A0ITMw5WoRV46/UaJ46Nllm3Xt7IaJhXTIkzw==
